app/build/intermediates/manifest_merge_blame_file/debug/manifest-merger-blame-debug-report.txt
1<?xml version="1.0" encoding="utf-8"?>
2<manifest xmlns:android="http://schemas.android.com/apk/res/android"
3    package="com.example.morningintents"
4    android:versionCode="1"
5    android:versionName="1.0" >
6
7    <uses-sdk
8        android:minSdkVersion="19"
8-->src/main/AndroidManifest.xml
9        android:targetSdkVersion="33" />
9-->src/main/AndroidManifest.xml
10
11    <uses-permission android:name="android.permission.CALL_PHONE" />
11-->src/main/AndroidManifest.xml:5:5-69
11-->src/main/AndroidManifest.xml:5:22-66
12    <uses-permission android:name="android.permission.INTERNET" />
12-->src/main/AndroidManifest.xml:6:5-67
12-->src/main/AndroidManifest.xml:6:22-64
13
14    <!-- Include required permissions for Google Maps API to run. -->
15    <uses-permission android:name="android.permission.ACCESS_NETWORK_STATE" />
15-->[com.google.android.gms:play-services-maps:18.0.2] AndroidManifest.xml:23:5-79
15-->[com.google.android.gms:play-services-maps:18.0.2] AndroidManifest.xml:23:22-76
16
17    <uses-feature
17-->[com.google.android.gms:play-services-maps:18.0.2] AndroidManifest.xml:26:5-28:35
18        android:glEsVersion="0x00020000"
18-->[com.google.android.gms:play-services-maps:18.0.2] AndroidManifest.xml:27:9-41
19        android:required="true" />
19-->[com.google.android.gms:play-services-maps:18.0.2] AndroidManifest.xml:28:9-32
20
21    <queries>
21-->[com.google.android.gms:play-services-maps:18.0.2] AndroidManifest.xml:30:5-34:15
22
23        <!-- Needs to be explicitly declared on Android R+ -->
24        <package android:name="com.google.android.apps.maps" />
24-->[com.google.android.gms:play-services-maps:18.0.2] AndroidManifest.xml:33:9-64
24-->[com.google.android.gms:play-services-maps:18.0.2] AndroidManifest.xml:33:18-61
25    </queries>
26
27    <permission
27-->[androidx.core:core:1.9.0] AndroidManifest.xml:22:5-24:47
28        android:name="com.example.morningintents.DYNAMIC_RECEIVER_NOT_EXPORTED_PERMISSION"
28-->[androidx.core:core:1.9.0] AndroidManifest.xml:23:9-81
29        android:protectionLevel="signature" />
29-->[androidx.core:core:1.9.0] AndroidManifest.xml:24:9-44
30
31    <uses-permission android:name="com.example.morningintents.DYNAMIC_RECEIVER_NOT_EXPORTED_PERMISSION" />
31-->[androidx.core:core:1.9.0] AndroidManifest.xml:26:5-97
31-->[androidx.core:core:1.9.0] AndroidManifest.xml:26:22-94
32
33    <application
33-->src/main/AndroidManifest.xml:8:5-49:19
34        android:allowBackup="true"
34-->src/main/AndroidManifest.xml:9:9-35
35        android:appComponentFactory="androidx.core.app.CoreComponentFactory"
35-->[androidx.core:core:1.9.0] AndroidManifest.xml:28:18-86
36        android:dataExtractionRules="@xml/data_extraction_rules"
36-->src/main/AndroidManifest.xml:10:9-65
37        android:debuggable="true"
38        android:fullBackupContent="@xml/backup_rules"
38-->src/main/AndroidManifest.xml:11:9-54
39        android:icon="@mipmap/ic_launcher_foreground"
39-->src/main/AndroidManifest.xml:12:9-54
40        android:label="@string/app_name"
40-->src/main/AndroidManifest.xml:13:9-41
41        android:supportsRtl="true"
41-->src/main/AndroidManifest.xml:14:9-35
42        android:testOnly="true"
43        android:theme="@style/Theme.MorningIntents" >
43-->src/main/AndroidManifest.xml:15:9-52
44
45        <!--
46             TODO: Before you run your application, you need a Google Maps API key.
47
48             To get one, follow the directions here:
49
50                https://developers.google.com/maps/documentation/android-sdk/get-api-key
51
52             Once you have your API key (it starts with "AIza"), define a new property in your
53             project's local.properties file (e.g. MAPS_API_KEY=Aiza...), and replace the
54             "YOUR_API_KEY" string in this file with "${MAPS_API_KEY}".
55        -->
56        <meta-data
57            android:name="com.google.android.geo.API_KEY"
57-->src/main/AndroidManifest.xml:30:13-58
58            android:value="AIzaSyBMqAwlYcWpcmg27NmQ_XwQyRdDr-rcdjE" />
58-->src/main/AndroidManifest.xml:31:13-44
59
60        <activity
60-->src/main/AndroidManifest.xml:33:9-36:59
61            android:name="com.example.morningintents.MapsActivity"
61-->src/main/AndroidManifest.xml:34:13-41
62            android:exported="false"
62-->src/main/AndroidManifest.xml:35:13-37
63            android:label="@string/title_activity_maps" />
63-->src/main/AndroidManifest.xml:36:13-56
64        <activity
64-->src/main/AndroidManifest.xml:37:9-39:40
65            android:name="com.example.morningintents.WebsiteActivity"
65-->src/main/AndroidManifest.xml:38:13-44
66            android:exported="false" />
66-->src/main/AndroidManifest.xml:39:13-37
67        <activity
67-->src/main/AndroidManifest.xml:40:9-48:20
68            android:name="com.example.morningintents.MainActivity"
68-->src/main/AndroidManifest.xml:41:13-41
69            android:exported="true" >
69-->src/main/AndroidManifest.xml:42:13-36
70            <intent-filter>
70-->src/main/AndroidManifest.xml:43:13-47:29
71                <action android:name="android.intent.action.MAIN" />
71-->src/main/AndroidManifest.xml:44:17-69
71-->src/main/AndroidManifest.xml:44:25-66
72
73                <category android:name="android.intent.category.LAUNCHER" />
73-->src/main/AndroidManifest.xml:46:17-77
73-->src/main/AndroidManifest.xml:46:27-74
74            </intent-filter>
75        </activity>
76        <!-- Needs to be explicitly declared on P+ -->
77        <uses-library
77-->[com.google.android.gms:play-services-maps:18.0.2] AndroidManifest.xml:39:9-41:40
78            android:name="org.apache.http.legacy"
78-->[com.google.android.gms:play-services-maps:18.0.2] AndroidManifest.xml:40:13-50
79            android:required="false" />
79-->[com.google.android.gms:play-services-maps:18.0.2] AndroidManifest.xml:41:13-37
80
81        <activity
81-->[com.google.android.gms:play-services-base:18.0.1] AndroidManifest.xml:20:9-22:45
82            android:name="com.google.android.gms.common.api.GoogleApiActivity"
82-->[com.google.android.gms:play-services-base:18.0.1] AndroidManifest.xml:20:19-85
83            android:exported="false"
83-->[com.google.android.gms:play-services-base:18.0.1] AndroidManifest.xml:22:19-43
84            android:theme="@android:style/Theme.Translucent.NoTitleBar" />
84-->[com.google.android.gms:play-services-base:18.0.1] AndroidManifest.xml:21:19-78
85
86        <meta-data
86-->[com.google.android.gms:play-services-basement:18.0.0] AndroidManifest.xml:21:9-23:69
87            android:name="com.google.android.gms.version"
87-->[com.google.android.gms:play-services-basement:18.0.0] AndroidManifest.xml:22:13-58
88            android:value="@integer/google_play_services_version" />
88-->[com.google.android.gms:play-services-basement:18.0.0] AndroidManifest.xml:23:13-66
89
90        <provider
90-->[androidx.emoji2:emoji2:1.2.0] AndroidManifest.xml:24:9-32:20
91            android:name="androidx.startup.InitializationProvider"
91-->[androidx.emoji2:emoji2:1.2.0] AndroidManifest.xml:25:13-67
92            android:authorities="com.example.morningintents.androidx-startup"
92-->[androidx.emoji2:emoji2:1.2.0] AndroidManifest.xml:26:13-68
93            android:exported="false" >
93-->[androidx.emoji2:emoji2:1.2.0] AndroidManifest.xml:27:13-37
94            <meta-data
94-->[androidx.emoji2:emoji2:1.2.0] AndroidManifest.xml:29:13-31:52
95                android:name="androidx.emoji2.text.EmojiCompatInitializer"
95-->[androidx.emoji2:emoji2:1.2.0] AndroidManifest.xml:30:17-75
96                android:value="androidx.startup" />
96-->[androidx.emoji2:emoji2:1.2.0] AndroidManifest.xml:31:17-49
97            <meta-data
97-->[androidx.lifecycle:lifecycle-process:2.4.1] AndroidManifest.xml:31:13-33:52
98                android:name="androidx.lifecycle.ProcessLifecycleInitializer"
98-->[androidx.lifecycle:lifecycle-process:2.4.1] AndroidManifest.xml:32:17-78
99                android:value="androidx.startup" />
99-->[androidx.lifecycle:lifecycle-process:2.4.1] AndroidManifest.xml:33:17-49
100        </provider>
101    </application>
102
103</manifest>